2022-10-12 17:37:06.086    INFO  om-demo-service-adapter --- [main] c.s.om.cs.OmDemoCloudServiceSpring Starting OmDemoCloudServiceSpring using Java 11.0.13 on HINLT109 with PID 5252 (C:\OM_BACKEND\om-demo-service-adapter\om-demo-service-adapter-service\target\classes started by Rohit.Jadhav in C:\OM_BACKEND)
2022-10-12 17:37:06.087    INFO  om-demo-service-adapter --- [main] c.s.om.cs.OmDemoCloudServiceSpring The following profiles are active: DEV
2022-10-12 17:37:09.870    INFO  om-demo-service-adapter --- [main] o.s.d.r.c.RepositoryConfigurationDelegate Bootstrapping Spring Data JPA repositories in DEFAULT mode.
2022-10-12 17:37:09.901    INFO  om-demo-service-adapter --- [main] o.s.d.r.c.RepositoryConfigurationDelegate Finished Spring Data repository scanning in 14 ms. Found 0 JPA repository interfaces.
2022-10-12 17:37:10.596    INFO  om-demo-service-adapter --- [main] c.sigma.om.spring.config.KafkaConfig In KafkaConfig --> kafkaProducerEnabled: true, kafkaConsumerEnabled: true
2022-10-12 17:37:10.609    INFO  om-demo-service-adapter --- [main] c.sigma.om.spring.config.KafkaConfig Create Kafka Producer Factory
2022-10-12 17:37:10.609    INFO  om-demo-service-adapter --- [main] c.sigma.om.spring.config.KafkaConfig Creating transactional kafka producer with transactional-id: core-om-namespace-dev-demo_cloud_service-adpt-tx-
2022-10-12 17:37:10.671    INFO  om-demo-service-adapter --- [main] c.sigma.om.spring.config.KafkaConfig Creating non-transactional kafka producer
2022-10-12 17:37:10.674    INFO  om-demo-service-adapter --- [main] c.sigma.om.spring.config.KafkaConfig Create Kafka Consumer Factory
2022-10-12 17:37:10.735    INFO  om-demo-service-adapter --- [main] c.sigma.om.spring.config.KafkaConfig Create/Configure Kafka Topic: TopicConfig(name=core-om-namespace-dev-com.sigma.om.soi.OM_DEMO_CLOUD.request, groupId=core-om-namespace-dev-demo_cloud_service_adapter_group, noOfPartitions=3, noOfConsumers=3, replicationFactor=1, retryCount=3, retryDelay=10000, messageClass=null, createTopic=false, enableDefaultErrorHandling=false, createFactory=true, consumerConfig=true, producerConfig=false)
2022-10-12 17:37:10.761    INFO  om-demo-service-adapter --- [main] c.sigma.om.spring.config.KafkaConfig Create consumerFactory: consumerFactory_core-om-namespace-dev-com.sigma.om.soi.OM_DEMO_CLOUD.request_core-om-namespace-dev-demo_cloud_service_adapter_group
2022-10-12 17:37:10.761    INFO  om-demo-service-adapter --- [main] c.sigma.om.spring.config.KafkaConfig Create/Configure Kafka Topic: TopicConfig(name=core-om-namespace-dev-com.sigma.om.soi.OM_DEMO_CLOUD.stop, groupId=core-om-namespace-dev-demo_cloud_service_adapter_group, noOfPartitions=3, noOfConsumers=3, replicationFactor=1, retryCount=3, retryDelay=10000, messageClass=null, createTopic=false, enableDefaultErrorHandling=true, createFactory=true, consumerConfig=true, producerConfig=false)
2022-10-12 17:37:10.761    INFO  om-demo-service-adapter --- [main] c.sigma.om.spring.config.KafkaConfig Create consumerFactory: consumerFactory_core-om-namespace-dev-com.sigma.om.soi.OM_DEMO_CLOUD.stop_core-om-namespace-dev-demo_cloud_service_adapter_group
2022-10-12 17:37:10.761    INFO  om-demo-service-adapter --- [main] c.sigma.om.spring.config.KafkaConfig Create/Configure Kafka Topic: TopicConfig(name=core-om-namespace-dev-com.sigma.om.soi.OM_DEMO_CLOUD.request_error, groupId=core-om-namespace-dev-demo_cloud_service_adapter_group, noOfPartitions=3, noOfConsumers=3, replicationFactor=1, retryCount=3, retryDelay=10000, messageClass=null, createTopic=false, enableDefaultErrorHandling=false, createFactory=true, consumerConfig=true, producerConfig=false)
2022-10-12 17:37:10.761    INFO  om-demo-service-adapter --- [main] c.sigma.om.spring.config.KafkaConfig Create consumerFactory: consumerFactory_core-om-namespace-dev-com.sigma.om.soi.OM_DEMO_CLOUD.request_error_core-om-namespace-dev-demo_cloud_service_adapter_group
2022-10-12 17:37:10.762    INFO  om-demo-service-adapter --- [main] c.sigma.om.spring.config.KafkaConfig Create/Configure Kafka Topic: TopicConfig(name=core-om-namespace-dev-com.sigma.om.core.soi.SOIEnrichmentEvent, groupId=null, noOfPartitions=3, noOfConsumers=3, replicationFactor=1, retryCount=3, retryDelay=10000, messageClass=com.sigma.om.event.message.soi.SOIEnrichmentEventMessage, createTopic=false, enableDefaultErrorHandling=false, createFactory=false, consumerConfig=false, producerConfig=true)
2022-10-12 17:37:10.762    INFO  om-demo-service-adapter --- [main] c.sigma.om.spring.config.KafkaConfig Create/Configure Kafka Topic: TopicConfig(name=core-om-namespace-dev-com.sigma.om.soi.OM_DEMO_CLOUD.reply, groupId=core-om-namespace-dev-demo_cloud_service_adapter_group, noOfPartitions=3, noOfConsumers=3, replicationFactor=1, retryCount=3, retryDelay=10000, messageClass=null, createTopic=false, enableDefaultErrorHandling=true, createFactory=true, consumerConfig=true, producerConfig=false)
2022-10-12 17:37:10.762    INFO  om-demo-service-adapter --- [main] c.sigma.om.spring.config.KafkaConfig Create consumerFactory: consumerFactory_core-om-namespace-dev-com.sigma.om.soi.OM_DEMO_CLOUD.reply_core-om-namespace-dev-demo_cloud_service_adapter_group
2022-10-12 17:37:10.762    INFO  om-demo-service-adapter --- [main] c.sigma.om.spring.config.KafkaConfig Create/Configure Kafka Topic: TopicConfig(name=core-om-namespace-dev-com.sigma.om.core.order.OrderEvent, groupId=core-om-namespace-dev-demo_cloud_service_adapter_group, noOfPartitions=3, noOfConsumers=1, replicationFactor=1, retryCount=1, retryDelay=1000, messageClass=null, createTopic=false, enableDefaultErrorHandling=false, createFactory=true, consumerConfig=true, producerConfig=false)
2022-10-12 17:37:10.762    INFO  om-demo-service-adapter --- [main] c.sigma.om.spring.config.KafkaConfig Create consumerFactory: consumerFactory_core-om-namespace-dev-com.sigma.om.core.order.OrderEvent_core-om-namespace-dev-demo_cloud_service_adapter_group
2022-10-12 17:37:10.765    INFO  om-demo-service-adapter --- [main] c.s.o.s.c.SystemPropertiesConfig CfgMgr system properties validation from spring configuration file
2022-10-12 17:37:11.324    INFO  om-demo-service-adapter --- [main] o.s.c.s.PostProcessorRegistrationDelegate$BeanPostProcessorChecker Bean 'io.opentracing.contrib.spring.cloud.async.DefaultAsyncAutoConfiguration' of type [io.opentracing.contrib.spring.cloud.async.DefaultAsyncAutoConfiguration$$EnhancerBySpringCGLIB$$2d80a203] is not eligible for getting processed by all BeanPostProcessors (for example: not eligible for auto-proxying)
2022-10-12 17:37:11.359    INFO  om-demo-service-adapter --- [main] o.s.c.s.PostProcessorRegistrationDelegate$BeanPostProcessorChecker Bean 'io.opentracing.contrib.spring.cloud.kafka.KafkaAutoConfiguration' of type [io.opentracing.contrib.spring.cloud.kafka.KafkaAutoConfiguration$$EnhancerBySpringCGLIB$$a325ea80] is not eligible for getting processed by all BeanPostProcessors (for example: not eligible for auto-proxying)
2022-10-12 17:37:11.375    INFO  om-demo-service-adapter --- [main] o.s.c.s.PostProcessorRegistrationDelegate$BeanPostProcessorChecker Bean 'tracerConfig' of type [com.sigma.om.spring.config.TracerConfig$$EnhancerBySpringCGLIB$$f536a04] is not eligible for getting processed by all BeanPostProcessors (for example: not eligible for auto-proxying)
2022-10-12 17:37:11.388    INFO  om-demo-service-adapter --- [main] o.s.c.s.PostProcessorRegistrationDelegate$BeanPostProcessorChecker Bean 'jaegerTracer' of type [io.opentracing.noop.NoopTracerImpl] is not eligible for getting processed by all BeanPostProcessors (for example: not eligible for auto-proxying)
2022-10-12 17:37:11.413    INFO  om-demo-service-adapter --- [main] o.s.c.s.PostProcessorRegistrationDelegate$BeanPostProcessorChecker Bean 'io.opentracing.contrib.spring.web.starter.WebClientTracingAutoConfiguration$DefaultWebClientSpanDecorators' of type [io.opentracing.contrib.spring.web.starter.WebClientTracingAutoConfiguration$DefaultWebClientSpanDecorators$$EnhancerBySpringCGLIB$$51ce1177] is not eligible for getting processed by all BeanPostProcessors (for example: not eligible for auto-proxying)
2022-10-12 17:37:11.426    INFO  om-demo-service-adapter --- [main] o.s.c.s.PostProcessorRegistrationDelegate$BeanPostProcessorChecker Bean 'standardTagsWebClientSpanDecorator' of type [io.opentracing.contrib.spring.web.client.WebClientSpanDecorator$StandardTags] is not eligible for getting processed by all BeanPostProcessors (for example: not eligible for auto-proxying)
2022-10-12 17:37:13.426    INFO  om-demo-service-adapter --- [main] o.s.b.w.e.tomcat.TomcatWebServer Tomcat initialized with port(s): 9020 (http)
2022-10-12 17:37:13.443    INFO  om-demo-service-adapter --- [main] o.a.coyote.http11.Http11NioProtocol Initializing ProtocolHandler ["http-nio-9020"]
2022-10-12 17:37:13.444    INFO  om-demo-service-adapter --- [main] o.a.catalina.core.StandardService Starting service [Tomcat]
2022-10-12 17:37:13.444    INFO  om-demo-service-adapter --- [main] o.a.catalina.core.StandardEngine Starting Servlet engine: [Apache Tomcat/9.0.58]
2022-10-12 17:37:13.565    INFO  om-demo-service-adapter --- [main] o.a.c.c.C.[.[.[/omdemoserviceadapter] Initializing Spring embedded WebApplicationContext
2022-10-12 17:37:13.565    INFO  om-demo-service-adapter --- [main] o.s.b.w.s.c.ServletWebServerApplicationContext Root WebApplicationContext: initialization completed in 7358 ms
2022-10-12 17:37:14.450    INFO  om-demo-service-adapter --- [main] i.o.c.s.w.s.ServerTracingAutoConfiguration Creating FilterRegistrationBean bean with TracingFilter mapped to [], skip pattern is "/api-docs.*|/swagger.*|.*\.png|.*\.css|.*\.js|.*\.html|/favicon.ico|/hystrix.stream|/om/api/manage/(health|health/.*|info|info/.*|prometheus|prometheus/.*|metrics|metrics/.*)"
2022-10-12 17:37:15.364    INFO  om-demo-service-adapter --- [main] c.s.o.spring.config.DataSourceConfig Creating OM Datasource sqlSessionFactory
2022-10-12 17:37:16.145    INFO  om-demo-service-adapter --- [main] c.s.om.utils.webclient.WebClientUtil WebClient is being initialized for baseURL: http://localhost:9001/orderservice/orderRepo with maximum responseSize: 0
2022-10-12 17:37:16.145    INFO  om-demo-service-adapter --- [main] c.s.om.utils.webclient.WebClientUtil is play app :: false
2022-10-12 17:37:16.621    WARN  om-demo-service-adapter --- [main] n.s.e.config.ConfigurationFactory No configuration found. Configuring ehcache from ehcache-failsafe.xml  found in the classpath: jar:file:/C:/Users/rohit.jadhav/.m2/repository/net/sf/ehcache/ehcache-core/2.6.11/ehcache-core-2.6.11.jar!/ehcache-failsafe.xml
2022-10-12 17:37:16.845    INFO  om-demo-service-adapter --- [main] c.s.o.e.cache.EntitySpecCacheManager EhCache initialized for ENTITY_SPEC with following configuration 
 EntitySpecCacheConfig(enabled=true, timeToIdleSeconds=300, maxEntriesLocalHeap=100, maxEntriesLocalDisk=0, timeToLiveSeconds=0, statistics=false, compressObjects=false)
2022-10-12 17:37:16.849    INFO  om-demo-service-adapter --- [main] c.s.om.utils.webclient.WebClientUtil WebClient is being initialized for baseURL: http://localhost:9001/orderservice/entityspecrepo with maximum responseSize: 0
2022-10-12 17:37:16.849    INFO  om-demo-service-adapter --- [main] c.s.om.utils.webclient.WebClientUtil is play app :: false
2022-10-12 17:37:16.893    INFO  om-demo-service-adapter --- [main] c.s.o.e.c.EntitySpecDBCacheManager EhCache initialized for ENTITY_SPEC_DB with following configuration 
 EntitySpecDBCacheConfig(enabled=true, timeToIdleSeconds=300, maxEntriesLocalHeap=100, maxEntriesLocalDisk=0, timeToLiveSeconds=0, statistics=false, compressObjects=false)
2022-10-12 17:37:16.900    INFO  om-demo-service-adapter --- [main] c.s.om.utils.webclient.WebClientUtil WebClient is being initialized for baseURL: http://localhost:9001/orderservice/entitySpecDB with maximum responseSize: 0
2022-10-12 17:37:16.900    INFO  om-demo-service-adapter --- [main] c.s.om.utils.webclient.WebClientUtil is play app :: false
2022-10-12 17:37:17.298    INFO  om-demo-service-adapter --- [main] c.s.o.s.s.DomainConfigurationInitializer ---------------- Initializing Domain GIT Configuration ----------------
2022-10-12 17:37:17.299    INFO  om-demo-service-adapter --- [main] c.sigma.om.envcfg.EnvCfgStarterImpl Initializing CfgMGR...
2022-10-12 17:37:17.313    INFO  om-demo-service-adapter --- [main] c.sigma.om.cfgmgr.git.GitCfgMgrImpl intializing env. configuration notifier
2022-10-12 17:37:17.316    INFO  om-demo-service-adapter --- [main] c.sigma.om.cfgmgr.git.GitCfgMgrImpl inside property lookup
2022-10-12 17:37:17.316    INFO  om-demo-service-adapter --- [main] c.sigma.om.cfgmgr.git.GitCfgMgrImpl loaded property file
2022-10-12 17:37:17.321    INFO  om-demo-service-adapter --- [main] com.sigma.om.cfgmgr.util.CfgMgrUtil Loading configuration from C:\OM_BACKEND\om-demo-service-adapter\conf\CfgMgr.properties
2022-10-12 17:37:17.324    INFO  om-demo-service-adapter --- [main] com.sigma.om.cfgmgr.util.CfgMgrUtil Initialized using CfgMgr.properties
2022-10-12 17:37:17.336    INFO  om-demo-service-adapter --- [main] c.s.o.cfgmgr.fs.FileSystemCfgMgrImpl Initializing FixedThreadPool executor with: 3 threads.
2022-10-12 17:37:17.829    INFO  om-demo-service-adapter --- [main] com.sigma.om.cfgmgr.util.CfgMgrUtil Loading configuration from C:\OM_BACKEND\om-demo-service-adapter\conf\CfgMgr.properties
2022-10-12 17:37:17.829    INFO  om-demo-service-adapter --- [main] com.sigma.om.cfgmgr.util.CfgMgrUtil Initialized using CfgMgr.properties
2022-10-12 17:37:17.830    INFO  om-demo-service-adapter --- [main] c.s.o.cfgmgr.fs.FileSystemCfgMgrImpl Initializing FixedThreadPool executor with: 3 threads.
2022-10-12 17:37:17.904    INFO  om-demo-service-adapter --- [main] com.sigma.om.envcfg.CfgMgrEnvCfg tempEnvRepo directory path: C:\OM_BACKEND\om-demo-service-adapter\conf\15966881588963491893
2022-10-12 17:37:18.993    INFO  om-demo-service-adapter --- [main] com.sigma.om.cfgmgr.util.CfgMgrUtil Loading configuration from C:\OM_BACKEND\om-demo-service-adapter\conf\CfgMgr.properties
2022-10-12 17:37:18.993    INFO  om-demo-service-adapter --- [main] com.sigma.om.cfgmgr.util.CfgMgrUtil Initialized using CfgMgr.properties
2022-10-12 17:37:18.994    INFO  om-demo-service-adapter --- [main] c.s.o.cfgmgr.fs.FileSystemCfgMgrImpl Initializing FixedThreadPool executor with: 3 threads.
2022-10-12 17:37:19.476    INFO  om-demo-service-adapter --- [main] c.s.om.cfgmgr.cache.GitCfgMgrCache Initializing GitCfgMgrCache for repository: C:\OM_BACKEND\om-demo-service-adapter\OM_ENV_WORKING
2022-10-12 17:37:21.712    INFO  om-demo-service-adapter --- [main] c.s.o.cfgmgr.fs.FileSystemCfgMgrImpl Initializing FixedThreadPool executor with: 3 threads.
2022-10-12 17:37:35.058    INFO  om-demo-service-adapter --- [main] c.s.om.cfgmgr.cache.GitCfgMgrCache Initializing GitCfgMgrCache for repository: C:\OM_BACKEND\om-demo-service-adapter\OM_ENV_WORKING\__CFGMGR_BDIR_HINLT109_OM_PRIMARY_DOMAIN
2022-10-12 17:37:35.841    INFO  om-demo-service-adapter --- [CFGMGR_EVENT_DISPATCH] com.sigma.om.cfgmgr.util.CfgMgrUtil Loading configuration from C:\OM_BACKEND\om-demo-service-adapter\conf\CfgMgr.properties
2022-10-12 17:37:35.841    INFO  om-demo-service-adapter --- [main] c.sigma.om.envcfg.EnvCfgStarterImpl CfgMgr initialized in 18542ms, result: OK; Environment configuration created successfully.
2022-10-12 17:37:35.843    INFO  om-demo-service-adapter --- [CFGMGR_EVENT_DISPATCH] com.sigma.om.cfgmgr.util.CfgMgrUtil Initialized using CfgMgr.properties
2022-10-12 17:37:35.843    INFO  om-demo-service-adapter --- [CFGMGR_EVENT_DISPATCH] c.s.o.cfgmgr.fs.FileSystemCfgMgrImpl Initializing FixedThreadPool executor with: 3 threads.
2022-10-12 17:37:36.335    INFO  om-demo-service-adapter --- [CFGMGR_EVENT_DISPATCH] c.s.om.cfgmgr.cache.GitCfgMgrCache Initializing GitCfgMgrCache for repository: C:\OM_BACKEND\om-demo-service-adapter\OM_ENV_WORKING
2022-10-12 17:37:36.801    INFO  om-demo-service-adapter --- [main] c.s.o.cfgmgr.fs.FileSystemCfgMgrImpl Initializing FixedThreadPool executor with: 3 threads.
2022-10-12 17:37:50.290    INFO  om-demo-service-adapter --- [main] c.s.om.cfgmgr.cache.GitCfgMgrCache Initializing GitCfgMgrCache for repository: C:\OM_BACKEND\om-demo-service-adapter\OM_ENV_WORKING\__CFGMGR_BDIR_HINLT109_OM_PRIMARY_DOMAIN
2022-10-12 17:37:50.854    INFO  om-demo-service-adapter --- [main] c.s.o.s.s.DomainConfigurationInitializer ---------------- Domain GIT Configuration Initialized Successfully!!!----------------
